2021-05-22 14:38:23 INFO  PageTestCases:28 - Anasayfaya giriş yapıldı.
2021-05-22 14:38:34 INFO  PageTestCases:56 - Giriş Yapıldı
2021-05-22 14:38:41 INFO  PageTestCases:41 - Login Sayfasına Giriş Yapıldı
2021-05-22 14:38:50 INFO  PageTestCases:69 - Arama işlemi Başarılı Bir Şekilde Yapıldı
2021-05-22 14:56:43 INFO  PageTestCases:28 - Anasayfaya giriş yapıldı.
2021-05-22 14:56:51 INFO  PageTestCases:56 - Giriş Yapıldı
2021-05-22 14:56:58 INFO  PageTestCases:41 - Login Sayfasına Giriş Yapıldı
2021-05-22 14:57:07 INFO  PageTestCases:69 - Arama işlemi Başarılı Bir Şekilde Yapıldı
2021-05-22 15:19:05 INFO  PageTestCases:28 - Anasayfaya giriş yapıldı.
2021-05-22 15:19:13 INFO  PageTestCases:56 - Giriş Yapıldı
2021-05-22 15:19:20 INFO  PageTestCases:41 - Login Sayfasına Giriş Yapıldı
2021-05-22 15:19:30 INFO  PageTestCases:69 - Arama işlemi Başarılı Bir Şekilde Yapıldı
2021-05-22 15:20:49 INFO  PageTestCases:28 - Anasayfaya giriş yapıldı.
2021-05-22 15:20:57 INFO  PageTestCases:56 - Giriş Yapıldı
2021-05-22 15:21:14 INFO  PageTestCases:69 - Arama işlemi Başarılı Bir Şekilde Yapıldı
2021-05-22 15:21:21 INFO  PageTestCases:84 - İkinci Sayfaya Geçildi
2021-05-22 15:23:14 INFO  PageTestCases:92 - İkinci arama sayfasına geçiş kontrolü yapıldı
2021-05-22 15:24:01 INFO  PageTestCases:28 - Anasayfaya giriş yapıldı.
2021-05-22 15:24:10 INFO  PageTestCases:56 - Giriş Yapıldı
2021-05-22 15:24:26 INFO  PageTestCases:69 - Arama işlemi Başarılı Bir Şekilde Yapıldı
2021-05-22 15:24:29 INFO  PageTestCases:92 - İkinci arama sayfasına geçiş kontrolü yapıldı
2021-05-22 15:24:36 INFO  PageTestCases:84 - İkinci Sayfaya Geçildi
2021-05-22 16:01:03 INFO  PageTestCases:101 - Ürün Seçildi
2021-05-22 16:03:51 INFO  PageTestCases:101 - Ürün Seçildi
2021-05-22 16:06:23 INFO  PageTestCases:101 - Ürün Seçildi
2021-05-22 16:12:44 INFO  PageTestCases:28 - Anasayfaya giriş yapıldı.
2021-05-22 16:12:52 INFO  PageTestCases:56 - Giriş Yapıldı
2021-05-22 16:12:59 INFO  PageTestCases:41 - Login Sayfasına Giriş Yapıldı
2021-05-22 16:13:08 INFO  PageTestCases:69 - Arama işlemi Başarılı Bir Şekilde Yapıldı
2021-05-22 16:13:11 INFO  PageTestCases:92 - İkinci arama sayfasına geçiş kontrolü yapıldı
2021-05-22 16:13:18 INFO  PageTestCases:84 - İkinci Sayfaya Geçildi
2021-05-22 16:13:23 INFO  PageTestCases:101 - Ürün Seçildi
2021-05-22 19:36:55 INFO  PageTestCases:28 - Anasayfaya giriş yapıldı.
2021-05-22 19:37:04 INFO  PageTestCases:56 - Giriş Yapıldı
2021-05-22 19:37:20 INFO  PageTestCases:69 - Arama işlemi Başarılı Bir Şekilde Yapıldı
2021-05-22 19:37:24 INFO  PageTestCases:92 - İkinci arama sayfasına geçiş kontrolü yapıldı
2021-05-22 19:37:36 INFO  PageTestCases:84 - İkinci Sayfaya Geçildi
2021-05-22 19:38:39 INFO  PageTestCases:101 - Ürün Seçildi
2021-05-22 19:41:16 INFO  PageTestCases:28 - Anasayfaya giriş yapıldı.
2021-05-22 19:41:27 INFO  PageTestCases:56 - Giriş Yapıldı
2021-05-22 19:41:44 INFO  PageTestCases:69 - Arama işlemi Başarılı Bir Şekilde Yapıldı
2021-05-22 19:41:47 INFO  PageTestCases:92 - İkinci arama sayfasına geçiş kontrolü yapıldı
2021-05-22 19:41:55 INFO  PageTestCases:84 - İkinci Sayfaya Geçildi
2021-05-22 19:42:01 INFO  PageTestCases:101 - Ürün Seçildi
2021-05-22 19:54:50 INFO  PageTestCases:41 - Login Sayfasına Giriş Yapıldı
2021-05-22 20:09:17 INFO  PageTestCases:101 - Ürün Seçildi
2021-05-23 00:35:30 INFO  PageTestCases:28 - Anasayfaya giriş yapıldı.
2021-05-23 00:35:38 INFO  PageTestCases:56 - Giriş Yapıldı
2021-05-23 00:35:53 INFO  PageTestCases:69 - Arama işlemi Başarılı Bir Şekilde Yapıldı
2021-05-23 00:35:56 INFO  PageTestCases:92 - İkinci arama sayfasına geçiş kontrolü yapıldı
2021-05-23 00:36:02 INFO  PageTestCases:84 - İkinci Sayfaya Geçildi
2021-05-23 00:36:07 INFO  PageTestCases:101 - Ürün Seçildi
2021-05-23 00:42:08 INFO  PageTestCases:28 - Anasayfaya giriş yapıldı.
2021-05-23 00:42:17 INFO  PageTestCases:56 - Giriş Yapıldı
2021-05-23 00:42:25 INFO  PageTestCases:41 - Login Sayfasına Giriş Yapıldı
2021-05-23 00:42:36 INFO  PageTestCases:69 - Arama işlemi Başarılı Bir Şekilde Yapıldı
2021-05-23 00:42:39 INFO  PageTestCases:92 - İkinci arama sayfasına geçiş kontrolü yapıldı
2021-05-23 00:42:46 INFO  PageTestCases:84 - İkinci Sayfaya Geçildi
2021-05-23 00:42:51 INFO  PageTestCases:101 - Ürün Seçildi
2021-05-23 00:56:30 INFO  PageTestCases:28 - Anasayfaya giriş yapıldı.
2021-05-23 00:56:38 INFO  PageTestCases:56 - Giriş Yapıldı
2021-05-23 00:56:52 INFO  PageTestCases:69 - Arama işlemi Başarılı Bir Şekilde Yapıldı
2021-05-23 00:56:55 INFO  PageTestCases:92 - İkinci arama sayfasına geçiş kontrolü yapıldı
2021-05-23 00:57:02 INFO  PageTestCases:84 - İkinci Sayfaya Geçildi
2021-05-23 00:57:06 INFO  PageTestCases:101 - Ürün Seçildi
2021-05-23 01:02:29 INFO  PageTestCases:41 - Login Sayfasına Giriş Yapıldı
2021-05-23 06:53:33 INFO  PageTestCases:30 - Anasayfaya giriş yapıldı.
2021-05-23 06:53:40 INFO  PageTestCases:58 - Giriş Yapıldı
2021-05-23 06:53:55 INFO  PageTestCases:71 - Arama işlemi Başarılı Bir Şekilde Yapıldı
2021-05-23 06:53:58 INFO  PageTestCases:94 - İkinci arama sayfasına geçiş kontrolü yapıldı
2021-05-23 06:54:05 INFO  PageTestCases:86 - İkinci Sayfaya Geçildi
2021-05-23 06:54:09 INFO  PageTestCases:103 - Ürün Seçildi
2021-05-23 06:54:50 INFO  PageTestCases:30 - Anasayfaya giriş yapıldı.
2021-05-23 06:54:58 INFO  PageTestCases:58 - Giriş Yapıldı
2021-05-23 06:55:11 INFO  PageTestCases:71 - Arama işlemi Başarılı Bir Şekilde Yapıldı
2021-05-23 06:55:14 INFO  PageTestCases:94 - İkinci arama sayfasına geçiş kontrolü yapıldı
2021-05-23 06:55:21 INFO  PageTestCases:86 - İkinci Sayfaya Geçildi
2021-05-23 06:55:25 INFO  PageTestCases:103 - Ürün Seçildi
2021-05-23 07:29:16 INFO  PageTestCases:30 - Anasayfaya giriş yapıldı.
2021-05-23 07:29:24 INFO  PageTestCases:58 - Giriş Yapıldı
2021-05-23 07:29:37 INFO  PageTestCases:71 - Arama işlemi Başarılı Bir Şekilde Yapıldı
2021-05-23 07:29:39 INFO  PageTestCases:94 - İkinci arama sayfasına geçiş kontrolü yapıldı
2021-05-23 07:29:46 INFO  PageTestCases:86 - İkinci Sayfaya Geçildi
2021-05-23 07:29:50 INFO  PageTestCases:103 - Ürün Seçildi
2021-05-23 07:31:14 INFO  PageTestCases:43 - Login Sayfasına Giriş Yapıldı
2021-05-23 14:18:02 INFO  PageTestCases:30 - Anasayfaya giriş yapıldı.
2021-05-23 14:18:11 INFO  PageTestCases:58 - Giriş Yapıldı
2021-05-23 14:18:17 INFO  PageTestCases:43 - Login Sayfasına Giriş Yapıldı
2021-05-23 14:18:26 INFO  PageTestCases:71 - Arama işlemi Başarılı Bir Şekilde Yapıldı
2021-05-23 14:18:28 INFO  PageTestCases:94 - İkinci arama sayfasına geçiş kontrolü yapıldı
2021-05-23 14:18:36 INFO  PageTestCases:86 - İkinci Sayfaya Geçildi
2021-05-23 14:18:39 INFO  PageTestCases:103 - Ürün Seçildi
2021-05-23 15:16:53 INFO  PageTestCases:119 - Ürün Sepete Eklendi
2021-05-23 15:56:02 INFO  PageTestCases:119 - Ürün Sepete Eklendi
2021-05-23 15:59:07 INFO  PageTestCases:122 - Ürün Sepete Eklendi
2021-05-23 15:59:09 INFO  PageTestCases:31 - Anasayfaya giriş yapıldı.
2021-05-23 15:59:17 INFO  PageTestCases:59 - Giriş Yapıldı
2021-05-23 15:59:31 INFO  PageTestCases:72 - Arama işlemi Başarılı Bir Şekilde Yapıldı
2021-05-23 15:59:34 INFO  PageTestCases:97 - İkinci arama sayfasına geçiş kontrolü yapıldı
2021-05-23 15:59:41 INFO  PageTestCases:87 - İkinci Sayfaya Geçildi
2021-05-23 15:59:46 INFO  PageTestCases:106 - Ürün Seçildi
2021-05-23 16:00:35 INFO  PageTestCases:44 - Login Sayfasına Giriş Yapıldı
2021-05-23 16:14:10 INFO  PageTestCases:122 - Ürün Sepete Eklendi
2021-05-23 16:14:17 INFO  PageTestCases:31 - Anasayfaya giriş yapıldı.
2021-05-23 16:14:24 INFO  PageTestCases:59 - Giriş Yapıldı
2021-05-23 16:14:38 INFO  PageTestCases:72 - Arama işlemi Başarılı Bir Şekilde Yapıldı
2021-05-23 16:14:41 INFO  PageTestCases:97 - İkinci arama sayfasına geçiş kontrolü yapıldı
2021-05-23 16:14:48 INFO  PageTestCases:87 - İkinci Sayfaya Geçildi
2021-05-23 16:14:52 INFO  PageTestCases:106 - Ürün Seçildi
2021-05-23 16:19:05 INFO  PageTestCases:122 - Ürün Sepete Eklendi
2021-05-23 16:22:59 INFO  PageTestCases:122 - Ürün Sepete Eklendi
2021-05-23 16:23:03 INFO  PageTestCases:31 - Anasayfaya giriş yapıldı.
2021-05-23 16:23:11 INFO  PageTestCases:59 - Giriş Yapıldı
2021-05-23 16:23:17 INFO  PageTestCases:44 - Login Sayfasına Giriş Yapıldı
2021-05-23 16:23:26 INFO  PageTestCases:72 - Arama işlemi Başarılı Bir Şekilde Yapıldı
2021-05-23 16:23:28 INFO  PageTestCases:97 - İkinci arama sayfasına geçiş kontrolü yapıldı
2021-05-23 16:23:35 INFO  PageTestCases:87 - İkinci Sayfaya Geçildi
2021-05-23 16:23:40 INFO  PageTestCases:106 - Ürün Seçildi
2021-05-23 16:25:41 INFO  PageTestCases:122 - Ürün Sepete Eklendi
2021-05-23 16:25:47 INFO  PageTestCases:31 - Anasayfaya giriş yapıldı.
2021-05-23 16:25:55 INFO  PageTestCases:59 - Giriş Yapıldı
2021-05-23 16:26:09 INFO  PageTestCases:72 - Arama işlemi Başarılı Bir Şekilde Yapıldı
2021-05-23 16:26:12 INFO  PageTestCases:97 - İkinci arama sayfasına geçiş kontrolü yapıldı
2021-05-23 16:26:19 INFO  PageTestCases:87 - İkinci Sayfaya Geçildi
2021-05-23 16:26:23 INFO  PageTestCases:106 - Ürün Seçildi
2021-05-23 16:47:17 INFO  PageTestCases:122 - Ürün Sepete Eklendi
2021-05-23 16:47:23 INFO  PageTestCases:31 - Anasayfaya giriş yapıldı.
2021-05-23 16:47:31 INFO  PageTestCases:59 - Giriş Yapıldı
2021-05-23 16:47:44 INFO  PageTestCases:72 - Arama işlemi Başarılı Bir Şekilde Yapıldı
2021-05-23 16:47:46 INFO  PageTestCases:97 - İkinci arama sayfasına geçiş kontrolü yapıldı
2021-05-23 16:47:54 INFO  PageTestCases:87 - İkinci Sayfaya Geçildi
2021-05-23 16:47:57 INFO  PageTestCases:106 - Ürün Seçildi
2021-05-23 16:48:47 INFO  PageTestCases:122 - Ürün Sepete Eklendi
2021-05-23 16:48:56 INFO  PageTestCases:31 - Anasayfaya giriş yapıldı.
2021-05-23 16:49:09 INFO  PageTestCases:59 - Giriş Yapıldı
2021-05-23 16:49:47 INFO  PageTestCases:72 - Arama işlemi Başarılı Bir Şekilde Yapıldı
2021-05-23 16:50:50 INFO  PageTestCases:97 - İkinci arama sayfasına geçiş kontrolü yapıldı
2021-05-23 16:51:06 INFO  PageTestCases:87 - İkinci Sayfaya Geçildi
2021-05-23 16:51:28 INFO  PageTestCases:106 - Ürün Seçildi
2021-05-23 16:52:13 INFO  PageTestCases:122 - Ürün Sepete Eklendi
2021-05-23 16:52:47 INFO  PageTestCases:122 - Ürün Sepete Eklendi
2021-05-23 17:24:48 INFO  PageTestCases:122 - Ürün Sepete Eklendi
2021-05-23 17:25:57 INFO  PageTestCases:122 - Ürün Sepete Eklendi
2021-05-23 17:29:37 INFO  PageTestCases:122 - Ürün Sepete Eklendi
2021-05-23 17:33:34 INFO  PageTestCases:122 - Ürün Sepete Eklendi
2021-05-23 17:34:14 INFO  PageTestCases:122 - Ürün Sepete Eklendi
2021-05-23 17:37:27 INFO  PageTestCases:122 - Ürün Sepete Eklendi
2021-05-23 17:38:17 INFO  PageTestCases:122 - Ürün Sepete Eklendi
2021-05-23 17:57:42 INFO  PageTestCases:148 - Sepetteki ürün sayısı arttırıldı ve 2 yapıldı.
2021-05-23 18:43:29 INFO  PageTestCases:122 - Ürün Sepete Eklendi
2021-05-23 18:43:40 INFO  PageTestCases:31 - Anasayfaya giriş yapıldı.
2021-05-23 18:43:48 INFO  PageTestCases:59 - Giriş Yapıldı
2021-05-23 18:44:05 INFO  PageTestCases:72 - Arama işlemi Başarılı Bir Şekilde Yapıldı
2021-05-23 18:44:08 INFO  PageTestCases:97 - İkinci arama sayfasına geçiş kontrolü yapıldı
2021-05-23 18:44:14 INFO  PageTestCases:87 - İkinci Sayfaya Geçildi
2021-05-23 18:44:19 INFO  PageTestCases:106 - Ürün Seçildi
2021-05-23 18:46:53 INFO  PageTestCases:97 - İkinci arama sayfasına geçiş kontrolü yapıldı
2021-05-23 18:47:01 INFO  PageTestCases:106 - Ürün Seçildi
2021-05-23 18:47:25 INFO  PageTestCases:122 - Ürün Sepete Eklendi
2021-05-23 18:47:36 INFO  PageTestCases:31 - Anasayfaya giriş yapıldı.
2021-05-23 18:47:44 INFO  PageTestCases:59 - Giriş Yapıldı
2021-05-23 18:48:00 INFO  PageTestCases:72 - Arama işlemi Başarılı Bir Şekilde Yapıldı
2021-05-23 18:48:04 INFO  PageTestCases:97 - İkinci arama sayfasına geçiş kontrolü yapıldı
2021-05-23 18:48:10 INFO  PageTestCases:87 - İkinci Sayfaya Geçildi
2021-05-23 18:48:14 INFO  PageTestCases:106 - Ürün Seçildi
2021-05-23 18:48:52 INFO  PageTestCases:44 - Login Sayfasına Giriş Yapıldı
2021-05-23 18:49:36 INFO  PageTestCases:44 - Login Sayfasına Giriş Yapıldı
2021-05-23 18:50:05 INFO  PageTestCases:31 - Anasayfaya giriş yapıldı.
2021-05-23 18:50:35 INFO  PageTestCases:59 - Giriş Yapıldı
2021-05-23 18:51:07 INFO  PageTestCases:72 - Arama işlemi Başarılı Bir Şekilde Yapıldı
2021-05-23 18:51:31 INFO  PageTestCases:87 - İkinci Sayfaya Geçildi
2021-05-23 18:51:54 INFO  PageTestCases:97 - İkinci arama sayfasına geçiş kontrolü yapıldı
2021-05-23 18:52:42 INFO  PageTestCases:106 - Ürün Seçildi
2021-05-23 18:53:09 INFO  PageTestCases:122 - Ürün Sepete Eklendi
2021-05-23 18:57:39 INFO  PageTestCases:170 - Ürün Sepetten Çıkarıldı ve Boş olduğu kontrol edildi
2021-05-23 18:58:19 INFO  PageTestCases:148 - Sepetteki ürün sayısı arttırıldı ve 2 yapıldı.
2021-05-23 18:58:47 INFO  PageTestCases:122 - Ürün Sepete Eklendi
2021-05-23 18:59:28 INFO  PageTestCases:122 - Ürün Sepete Eklendi
2021-05-23 18:59:33 INFO  PageTestCases:129 - Ürün sayfasındaki fiyat ile sepette yer alan ürün fiyatının doğruluğu karşılaştırıldı
2021-05-23 19:32:36 INFO  PageTestCases:121 - Ürün Sepete Eklendi
2021-05-23 19:32:41 INFO  PageTestCases:127 - Ürün sayfasındaki fiyat ile sepette yer alan ürün fiyatının doğruluğu karşılaştırıldı
2021-05-23 19:33:38 INFO  PageTestCases:96 - İkinci arama sayfasına geçiş kontrolü yapıldı
2021-05-23 19:33:44 INFO  PageTestCases:105 - Ürün Seçildi
2021-05-23 19:33:51 INFO  PageTestCases:86 - İkinci Sayfaya Geçildi
2021-05-23 19:33:58 INFO  PageTestCases:43 - Login Sayfasına Giriş Yapıldı
2021-05-23 19:34:10 INFO  PageTestCases:58 - Giriş Yapıldı
2021-05-23 19:34:19 INFO  PageTestCases:71 - Arama işlemi Başarılı Bir Şekilde Yapıldı
2021-05-23 19:34:22 INFO  PageTestCases:30 - Anasayfaya giriş yapıldı.
2021-05-23 19:38:22 INFO  PageTestCases:30 - Anasayfaya giriş yapıldı.
2021-05-23 19:38:31 INFO  PageTestCases:43 - Login Sayfasına Giriş Yapıldı
2021-05-23 19:38:38 INFO  PageTestCases:58 - Giriş Yapıldı
2021-05-23 19:38:47 INFO  PageTestCases:71 - Arama işlemi Başarılı Bir Şekilde Yapıldı
2021-05-23 19:38:55 INFO  PageTestCases:86 - İkinci Sayfaya Geçildi
2021-05-23 19:38:57 INFO  PageTestCases:96 - İkinci arama sayfasına geçiş kontrolü yapıldı
2021-05-23 19:39:02 INFO  PageTestCases:105 - Ürün Seçildi
2021-05-23 19:39:50 INFO  PageTestCases:121 - Ürün Sepete Eklendi
2021-05-23 19:39:55 INFO  PageTestCases:127 - Ürün sayfasındaki fiyat ile sepette yer alan ürün fiyatının doğruluğu karşılaştırıldı
2021-05-23 19:40:25 INFO  PageTestCases:146 - Sepetteki ürün sayısı arttırıldı ve 2 yapıldı.
2021-05-23 19:40:59 INFO  PageTestCases:168 - Ürün Sepetten Çıkarıldı ve Boş olduğu kontrol edildi
2021-05-23 20:22:49 INFO  PageTestCases:30 - Anasayfaya giriş yapıldı.
2021-05-23 20:23:00 INFO  PageTestCases:43 - Login Sayfasına Giriş Yapıldı
2021-05-23 20:23:10 INFO  PageTestCases:58 - Giriş Yapıldı
2021-05-23 20:23:19 INFO  PageTestCases:71 - Arama işlemi Başarılı Bir Şekilde Yapıldı
2021-05-23 20:23:26 INFO  PageTestCases:86 - İkinci Sayfaya Geçildi
2021-05-23 20:23:29 INFO  PageTestCases:96 - İkinci arama sayfasına geçiş kontrolü yapıldı
2021-05-23 20:23:33 INFO  PageTestCases:105 - Ürün Seçildi
2021-05-23 20:27:53 INFO  PageTestCases:32 - Anasayfaya giriş yapıldı.
2021-05-23 20:28:00 INFO  PageTestCases:45 - Login Sayfasına Giriş Yapıldı
2021-05-23 20:28:07 INFO  PageTestCases:60 - Giriş Yapıldı
2021-05-23 20:28:15 INFO  PageTestCases:73 - Arama işlemi Başarılı Bir Şekilde Yapıldı
2021-05-23 20:28:23 INFO  PageTestCases:99 - İkinci arama sayfasına geçiş kontrolü yapıldı
2021-05-23 20:28:30 INFO  PageTestCases:108 - Ürün Seçildi
2021-05-23 20:30:06 INFO  PageTestCases:88 - İkinci Sayfaya Geçildi
2021-05-23 20:32:40 INFO  PageTestCases:91 - İkinci Sayfaya Geçildi
2021-05-23 20:33:12 INFO  PageTestCases:126 - Ürün Sepete Eklendi
2021-05-23 20:33:17 INFO  PageTestCases:132 - Ürün sayfasındaki fiyat ile sepette yer alan ürün fiyatının doğruluğu karşılaştırıldı
2021-05-23 20:33:46 INFO  PageTestCases:151 - Sepetteki ürün sayısı arttırıldı ve 2 yapıldı.
2021-05-23 20:34:20 INFO  PageTestCases:173 - Ürün Sepetten Çıkarıldı ve Boş olduğu kontrol edildi
2021-05-23 20:35:14 INFO  PageTestCases:173 - Ürün Sepetten Çıkarıldı ve Boş olduğu kontrol edildi
2021-05-23 20:35:14 INFO  PageTestCases:174 - Test Sonlandırıldı
2021-05-23 20:40:30 INFO  PageTestCases:32 - Anasayfaya giriş yapıldı.
2021-05-23 20:40:57 INFO  PageTestCases:45 - Login Sayfasına Giriş Yapıldı
2021-05-23 20:41:20 INFO  PageTestCases:60 - Giriş Yapıldı
2021-05-23 20:41:44 INFO  PageTestCases:73 - Arama işlemi Başarılı Bir Şekilde Yapıldı
2021-05-23 20:42:16 INFO  PageTestCases:91 - İkinci Sayfaya Geçildi
2021-05-23 20:42:38 INFO  PageTestCases:101 - İkinci arama sayfasına geçiş kontrolü yapıldı
2021-05-23 20:43:02 INFO  PageTestCases:110 - Ürün Seçildi
2021-05-23 20:43:27 INFO  PageTestCases:126 - Ürün Sepete Eklendi
2021-05-23 20:43:33 INFO  PageTestCases:132 - Ürün sayfasındaki fiyat ile sepette yer alan ürün fiyatının doğruluğu karşılaştırıldı
2021-05-23 20:44:06 INFO  PageTestCases:151 - Sepetteki ürün sayısı arttırıldı ve 2 yapıldı.
2021-05-23 20:44:39 INFO  PageTestCases:173 - Ürün Sepetten Çıkarıldı ve Boş olduğu kontrol edildi
2021-05-23 20:44:39 INFO  PageTestCases:174 - Test Sonlandırıldı
